[35m[1mScanning dependencies of target graph_d_exploration_gencfg[0m
[35m[1mScanning dependencies of target d_opt_local_rrt_detector[0m
[35m[1mScanning dependencies of target d_opt_global_rrt_detector[0m
[35m[1mScanning dependencies of target actionlib_msgs_generate_messages_nodejs[0m
[35m[1mScanning dependencies of target _graph_d_exploration_generate_messages_check_deps_ChooseGoalFeedback[0m
[35m[1mScanning dependencies of target _graph_d_exploration_generate_messages_check_deps_ChooseGoalResult[0m
[  1%] [34m[1mGenerating dynamic reconfigure files from cfg/informationGain.cfg: /home/usr/data/matteo_thesis/karto_slam/thesis_ws/devel/.private/graph_d_exploration/include/graph_d_exploration/informationGainConfig.h /home/usr/data/matteo_thesis/karto_slam/thesis_ws/devel/.private/graph_d_exploration/lib/python3/dist-packages/graph_d_exploration/cfg/informationGainConfig.py[0m
[35m[1mScanning dependencies of target _graph_d_exploration_generate_messages_check_deps_ChooseGoalActionGoal[0m
[35m[1mScanning dependencies of target _graph_d_exploration_generate_messages_check_deps_ChooseGoalActionFeedback[0m
[  1%] Built target actionlib_msgs_generate_messages_nodejs
[35m[1mScanning dependencies of target _graph_d_exploration_generate_messages_check_deps_ChooseGoalAction[0m
[35m[1mScanning dependencies of target _graph_d_exploration_generate_messages_check_deps_MergePointsFeedback[0m
[35m[1mScanning dependencies of target _graph_d_exploration_generate_messages_check_deps_MergePointsGoal[0m
[35m[1mScanning dependencies of target _graph_d_exploration_generate_messages_check_deps_MergePointsActionFeedback[0m
[35m[1mScanning dependencies of target _graph_d_exploration_generate_messages_check_deps_MergePointsActionResult[0m
[35m[1mScanning dependencies of target _graph_d_exploration_generate_messages_check_deps_Point2D[0m
[35m[1mScanning dependencies of target _graph_d_exploration_generate_messages_check_deps_PointArray[0m
[  2%] [32mBuilding CXX object CMakeFiles/d_opt_local_rrt_detector.dir/src/local_rrt_detector.cpp.o[0m
[  2%] [32mBuilding CXX object CMakeFiles/d_opt_global_rrt_detector.dir/src/global_rrt_detector.cpp.o[0m
[35m[1mScanning dependencies of target _graph_d_exploration_generate_messages_check_deps_MergePointsActionGoal[0m
[  2%] Built target _graph_d_exploration_generate_messages_check_deps_ChooseGoalResult
[  2%] Built target _graph_d_exploration_generate_messages_check_deps_ChooseGoalFeedback
[  2%] Built target _graph_d_exploration_generate_messages_check_deps_MergePointsGoal
[  2%] Built target _graph_d_exploration_generate_messages_check_deps_ChooseGoalActionFeedback
[  2%] Built target _graph_d_exploration_generate_messages_check_deps_ChooseGoalActionGoal
Generating reconfiguration files for informationGain in graph_d_exploration
Wrote header file in /home/usr/data/matteo_thesis/karto_slam/thesis_ws/devel/.private/graph_d_exploration/include/graph_d_exploration/informationGainConfig.h
[  2%] Built target _graph_d_exploration_generate_messages_check_deps_MergePointsFeedback
[  2%] Built target _graph_d_exploration_generate_messages_check_deps_MergePointsActionResult
[  2%] Built target _graph_d_exploration_generate_messages_check_deps_ChooseGoalAction
[  3%] [32mBuilding CXX object CMakeFiles/d_opt_local_rrt_detector.dir/src/functions.cpp.o[0m
[  3%] Built target _graph_d_exploration_generate_messages_check_deps_MergePointsActionFeedback
[  3%] Built target _graph_d_exploration_generate_messages_check_deps_Point2D
[35m[1mScanning dependencies of target std_msgs_generate_messages_nodejs[0m
[  3%] Built target _graph_d_exploration_generate_messages_check_deps_MergePointsActionGoal
[  4%] [32mBuilding CXX object CMakeFiles/d_opt_global_rrt_detector.dir/src/mtrand.cpp.o[0m
[35m[1mScanning dependencies of target _graph_d_exploration_generate_messages_check_deps_ChooseGoalGoal[0m
[  4%] Built target std_msgs_generate_messages_nodejs
[35m[1mScanning dependencies of target _graph_d_exploration_generate_messages_check_deps_InfoMatrix[0m
[  5%] [32mBuilding CXX object CMakeFiles/d_opt_local_rrt_detector.dir/src/mtrand.cpp.o[0m
[  6%] [32mBuilding CXX object CMakeFiles/d_opt_global_rrt_detector.dir/src/functions.cpp.o[0m
[35m[1mScanning dependencies of target geometry_msgs_generate_messages_nodejs[0m
[  6%] Built target graph_d_exploration_gencfg
[  6%] Built target _graph_d_exploration_generate_messages_check_deps_PointArray
[  6%] Built target geometry_msgs_generate_messages_nodejs
[35m[1mScanning dependencies of target _graph_d_exploration_generate_messages_check_deps_ChooseGoalActionResult[0m
[35m[1mScanning dependencies of target _graph_d_exploration_generate_messages_check_deps_MergePointsAction[0m
[35m[1mScanning dependencies of target actionlib_msgs_generate_messages_lisp[0m
[35m[1mScanning dependencies of target _graph_d_exploration_generate_messages_check_deps_MergePointsResult[0m
[35m[1mScanning dependencies of target geometry_msgs_generate_messages_lisp[0m
[  6%] Built target actionlib_msgs_generate_messages_lisp
[  6%] Built target geometry_msgs_generate_messages_lisp
[35m[1mScanning dependencies of target std_msgs_generate_messages_lisp[0m
[35m[1mScanning dependencies of target actionlib_msgs_generate_messages_py[0m
[  6%] Built target actionlib_msgs_generate_messages_py
[  6%] Built target std_msgs_generate_messages_lisp
[  6%] Built target _graph_d_exploration_generate_messages_check_deps_ChooseGoalGoal
[  6%] Built target _graph_d_exploration_generate_messages_check_deps_InfoMatrix
[35m[1mScanning dependencies of target std_msgs_generate_messages_py[0m
[35m[1mScanning dependencies of target geometry_msgs_generate_messages_py[0m
[  6%] Built target _graph_d_exploration_generate_messages_check_deps_ChooseGoalActionResult
[35m[1mScanning dependencies of target geometry_msgs_generate_messages_cpp[0m
[  6%] Built target _graph_d_exploration_generate_messages_check_deps_MergePointsResult
[  6%] Built target _graph_d_exploration_generate_messages_check_deps_MergePointsAction
[35m[1mScanning dependencies of target std_msgs_generate_messages_cpp[0m
[  6%] Built target std_msgs_generate_messages_py
[35m[1mScanning dependencies of target actionlib_msgs_generate_messages_cpp[0m
[  6%] Built target geometry_msgs_generate_messages_py
[  6%] Built target geometry_msgs_generate_messages_cpp
[35m[1mScanning dependencies of target std_msgs_generate_messages_eus[0m
[35m[1mScanning dependencies of target actionlib_msgs_generate_messages_eus[0m
[35m[1mScanning dependencies of target geometry_msgs_generate_messages_eus[0m
[  6%] Built target actionlib_msgs_generate_messages_cpp
[35m[1mScanning dependencies of target graph_d_exploration_generate_messages_lisp[0m
[35m[1mScanning dependencies of target graph_d_exploration_generate_messages_nodejs[0m
[  6%] Built target std_msgs_generate_messages_cpp
[  6%] Built target std_msgs_generate_messages_eus
[35m[1mScanning dependencies of target graph_d_exploration_generate_messages_py[0m
[  6%] Built target geometry_msgs_generate_messages_eus
[  6%] Built target actionlib_msgs_generate_messages_eus
[  7%] [34m[1mGenerating Lisp code from graph_d_exploration/Point2D.msg[0m
[  8%] [34m[1mGenerating Javascript code from graph_d_exploration/PointArray.msg[0m
[35m[1mScanning dependencies of target graph_d_exploration_generate_messages_cpp[0m
[ 10%] [34m[1mGenerating Javascript code from graph_d_exploration/Point2D.msg[0m
[ 10%] [34m[1mGenerating Python from MSG graph_d_exploration/Point2D[0m
[ 11%] [34m[1mGenerating Lisp code from graph_d_exploration/InfoMatrix.msg[0m
[ 13%] [34m[1mGenerating Lisp code from graph_d_exploration/PointArray.msg[0m
[ 15%] [34m[1mGenerating Python from MSG graph_d_exploration/PointArray[0m
[ 15%] [34m[1mGenerating Lisp code from graph_d_exploration/MergePointsAction.msg[0m
[ 16%] [34m[1mGenerating C++ code from graph_d_exploration/Point2D.msg[0m
[ 17%] [34m[1mGenerating Python from MSG graph_d_exploration/InfoMatrix[0m
[ 18%] [34m[1mGenerating Javascript code from graph_d_exploration/InfoMatrix.msg[0m
[35m[1mScanning dependencies of target graph_d_exploration_generate_messages_eus[0m
[ 19%] [34m[1mGenerating Javascript code from graph_d_exploration/MergePointsAction.msg[0m
[ 19%] [34m[1mGenerating Lisp code from graph_d_exploration/MergePointsActionGoal.msg[0m
[ 20%] [34m[1mGenerating EusLisp code from graph_d_exploration/Point2D.msg[0m
[ 21%] [34m[1mGenerating EusLisp code from graph_d_exploration/PointArray.msg[0m
[ 22%] [34m[1mGenerating Lisp code from graph_d_exploration/MergePointsActionResult.msg[0m
[ 23%] [34m[1mGenerating C++ code from graph_d_exploration/PointArray.msg[0m
[ 25%] [34m[1mGenerating Javascript code from graph_d_exploration/MergePointsActionGoal.msg[0m
[ 27%] [34m[1mGenerating Python from MSG graph_d_exploration/MergePointsAction[0m
[ 27%] [34m[1mGenerating C++ code from graph_d_exploration/InfoMatrix.msg[0m
[ 28%] [34m[1mGenerating EusLisp code from graph_d_exploration/InfoMatrix.msg[0m
[ 29%] [34m[1mGenerating Python from MSG graph_d_exploration/MergePointsActionGoal[0m
[ 30%] [34m[1mGenerating Lisp code from graph_d_exploration/MergePointsActionFeedback.msg[0m
[ 31%] [34m[1mGenerating Lisp code from graph_d_exploration/MergePointsGoal.msg[0m
[ 32%] [34m[1mGenerating Javascript code from graph_d_exploration/MergePointsActionResult.msg[0m
[ 33%] [34m[1mGenerating Javascript code from graph_d_exploration/MergePointsActionFeedback.msg[0m
[ 34%] [34m[1mGenerating Python from MSG graph_d_exploration/MergePointsActionResult[0m
[ 35%] [34m[1mGenerating Lisp code from graph_d_exploration/MergePointsResult.msg[0m
[ 36%] [34m[1mGenerating EusLisp code from graph_d_exploration/MergePointsAction.msg[0m
[ 38%] [34m[1mGenerating Python from MSG graph_d_exploration/MergePointsActionFeedback[0m
[ 39%] [34m[1mGenerating Javascript code from graph_d_exploration/MergePointsGoal.msg[0m
[ 40%] [34m[1mGenerating C++ code from graph_d_exploration/MergePointsAction.msg[0m
[ 41%] [34m[1mGenerating C++ code from graph_d_exploration/MergePointsActionGoal.msg[0m
[ 42%] [34m[1mGenerating C++ code from graph_d_exploration/MergePointsActionResult.msg[0m
[ 45%] [34m[1mGenerating C++ code from graph_d_exploration/MergePointsActionFeedback.msg[0m
[ 43%] [34m[1mGenerating Lisp code from graph_d_exploration/MergePointsFeedback.msg[0m
[ 44%] [34m[1mGenerating Javascript code from graph_d_exploration/MergePointsResult.msg[0m
[ 46%] [34m[1mGenerating EusLisp code from graph_d_exploration/MergePointsActionResult.msg[0m
[ 47%] [34m[1mGenerating EusLisp code from graph_d_exploration/MergePointsActionGoal.msg[0m
[ 48%] [34m[1mGenerating C++ code from graph_d_exploration/MergePointsGoal.msg[0m
[ 50%] [34m[1mGenerating Lisp code from graph_d_exploration/ChooseGoalAction.msg[0m
[ 51%] [34m[1mGenerating Javascript code from graph_d_exploration/MergePointsFeedback.msg[0m
[ 52%] [34m[1mGenerating Javascript code from graph_d_exploration/ChooseGoalAction.msg[0m
[ 53%] [34m[1mGenerating Javascript code from graph_d_exploration/ChooseGoalActionGoal.msg[0m
[ 54%] [34m[1mGenerating Javascript code from graph_d_exploration/ChooseGoalActionResult.msg[0m
[ 55%] [34m[1mGenerating Python from MSG graph_d_exploration/MergePointsGoal[0m
[ 56%] [34m[1mGenerating EusLisp code from graph_d_exploration/MergePointsActionFeedback.msg[0m
[ 58%] [34m[1mGenerating Lisp code from graph_d_exploration/ChooseGoalActionGoal.msg[0m
[ 58%] [34m[1mGenerating C++ code from graph_d_exploration/MergePointsResult.msg[0m
[ 59%] [34m[1mGenerating Lisp code from graph_d_exploration/ChooseGoalActionResult.msg[0m
[ 60%] [34m[1mGenerating Lisp code from graph_d_exploration/ChooseGoalActionFeedback.msg[0m
[ 61%] [34m[1mGenerating Lisp code from graph_d_exploration/ChooseGoalGoal.msg[0m
[ 61%] [34m[1mGenerating Javascript code from graph_d_exploration/ChooseGoalActionFeedback.msg[0m
[ 63%] [34m[1mGenerating Lisp code from graph_d_exploration/ChooseGoalResult.msg[0m
[ 64%] [34m[1mGenerating C++ code from graph_d_exploration/MergePointsFeedback.msg[0m
[ 65%] [34m[1mGenerating EusLisp code from graph_d_exploration/MergePointsGoal.msg[0m
[ 66%] [34m[1mGenerating Lisp code from graph_d_exploration/ChooseGoalFeedback.msg[0m
[ 67%] [34m[1mGenerating C++ code from graph_d_exploration/ChooseGoalAction.msg[0m
[ 68%] [34m[1mGenerating Python from MSG graph_d_exploration/MergePointsResult[0m
[ 69%] [34m[1mGenerating Python from MSG graph_d_exploration/MergePointsFeedback[0m
[ 70%] [34m[1mGenerating Javascript code from graph_d_exploration/ChooseGoalGoal.msg[0m
[ 71%] [34m[1mGenerating Javascript code from graph_d_exploration/ChooseGoalResult.msg[0m
[ 72%] [34m[1mGenerating Javascript code from graph_d_exploration/ChooseGoalFeedback.msg[0m
[ 73%] [34m[1mGenerating Python from MSG graph_d_exploration/ChooseGoalAction[0m
[ 73%] Built target graph_d_exploration_generate_messages_lisp
[ 75%] [34m[1mGenerating C++ code from graph_d_exploration/ChooseGoalActionGoal.msg[0m
[ 76%] [34m[1mGenerating C++ code from graph_d_exploration/ChooseGoalActionResult.msg[0m
[ 77%] [34m[1mGenerating EusLisp code from graph_d_exploration/MergePointsResult.msg[0m
[ 77%] [34m[1mGenerating C++ code from graph_d_exploration/ChooseGoalActionFeedback.msg[0m
[ 77%] Built target graph_d_exploration_generate_messages_nodejs
[ 78%] [34m[1mGenerating C++ code from graph_d_exploration/ChooseGoalResult.msg[0m
[ 79%] [34m[1mGenerating EusLisp code from graph_d_exploration/MergePointsFeedback.msg[0m
[ 80%] [34m[1mGenerating C++ code from graph_d_exploration/ChooseGoalGoal.msg[0m
[ 81%] [34m[1mGenerating C++ code from graph_d_exploration/ChooseGoalFeedback.msg[0m
[ 82%] [34m[1mGenerating EusLisp code from graph_d_exploration/ChooseGoalAction.msg[0m
[ 83%] [34m[1mGenerating Python from MSG graph_d_exploration/ChooseGoalActionGoal[0m
[ 84%] [34m[1mGenerating Python from MSG graph_d_exploration/ChooseGoalActionResult[0m
[ 85%] [34m[1mGenerating Python from MSG graph_d_exploration/ChooseGoalActionFeedback[0m
[ 86%] [34m[1mGenerating Python from MSG graph_d_exploration/ChooseGoalGoal[0m
[ 88%] [34m[1mGenerating EusLisp code from graph_d_exploration/ChooseGoalActionGoal.msg[0m
[ 89%] [34m[1mGenerating Python from MSG graph_d_exploration/ChooseGoalResult[0m
[ 90%] [34m[1mGenerating EusLisp code from graph_d_exploration/ChooseGoalActionResult.msg[0m
[ 91%] [34m[1mGenerating Python from MSG graph_d_exploration/ChooseGoalFeedback[0m
[ 91%] Built target graph_d_exploration_generate_messages_cpp
[ 92%] [34m[1mGenerating EusLisp code from graph_d_exploration/ChooseGoalActionFeedback.msg[0m
[ 93%] [34m[1mGenerating EusLisp code from graph_d_exploration/ChooseGoalGoal.msg[0m
[ 94%] [34m[1mGenerating EusLisp code from graph_d_exploration/ChooseGoalResult.msg[0m
[ 95%] [34m[1mGenerating EusLisp code from graph_d_exploration/ChooseGoalFeedback.msg[0m
[ 96%] [34m[1mGenerating EusLisp manifest code for graph_d_exploration[0m
[ 97%] [34m[1mGenerating Python msg __init__.py for graph_d_exploration[0m
[ 97%] Built target graph_d_exploration_generate_messages_py
[ 97%] Built target graph_d_exploration_generate_messages_eus
[35m[1mScanning dependencies of target graph_d_exploration_generate_messages[0m
[ 97%] Built target graph_d_exploration_generate_messages
[ 98%] [32m[1mLinking CXX executable /home/usr/data/matteo_thesis/karto_slam/thesis_ws/devel/.private/graph_d_exploration/lib/graph_d_exploration/d_opt_local_rrt_detector[0m
[ 98%] Built target d_opt_local_rrt_detector
[100%] [32m[1mLinking CXX executable /home/usr/data/matteo_thesis/karto_slam/thesis_ws/devel/.private/graph_d_exploration/lib/graph_d_exploration/d_opt_global_rrt_detector[0m
[100%] Built target d_opt_global_rrt_detector
