Symlinking /home/usr/data/matteo_thesis/karto_slam/thesis_ws/devel/share/graph_d_exploration/cmake/graph_d_explorationConfig-version.cmake
Symlinking /home/usr/data/matteo_thesis/karto_slam/thesis_ws/devel/share/graph_d_exploration/cmake/graph_d_exploration-msg-paths.cmake
Symlinking /home/usr/data/matteo_thesis/karto_slam/thesis_ws/devel/share/graph_d_exploration/cmake/graph_d_explorationConfig.cmake
Symlinking /home/usr/data/matteo_thesis/karto_slam/thesis_ws/devel/share/graph_d_exploration/cmake/graph_d_exploration-msg-extras.cmake
Symlinking /home/usr/data/matteo_thesis/karto_slam/thesis_ws/devel/share/graph_d_exploration/msg/MergePointsActionGoal.msg
Symlinking /home/usr/data/matteo_thesis/karto_slam/thesis_ws/devel/share/graph_d_exploration/msg/ChooseGoalGoal.msg
Symlinking /home/usr/data/matteo_thesis/karto_slam/thesis_ws/devel/share/graph_d_exploration/msg/ChooseGoalResult.msg
Symlinking /home/usr/data/matteo_thesis/karto_slam/thesis_ws/devel/share/graph_d_exploration/msg/ChooseGoalAction.msg
Symlinking /home/usr/data/matteo_thesis/karto_slam/thesis_ws/devel/share/graph_d_exploration/msg/ChooseGoalFeedback.msg
Symlinking /home/usr/data/matteo_thesis/karto_slam/thesis_ws/devel/share/graph_d_exploration/msg/MergePointsAction.msg
Symlinking /home/usr/data/matteo_thesis/karto_slam/thesis_ws/devel/share/graph_d_exploration/msg/ChooseGoalActionFeedback.msg
Symlinking /home/usr/data/matteo_thesis/karto_slam/thesis_ws/devel/share/graph_d_exploration/msg/MergePointsActionResult.msg
Symlinking /home/usr/data/matteo_thesis/karto_slam/thesis_ws/devel/share/graph_d_exploration/msg/MergePointsFeedback.msg
Symlinking /home/usr/data/matteo_thesis/karto_slam/thesis_ws/devel/share/graph_d_exploration/msg/MergePointsActionFeedback.msg
Symlinking /home/usr/data/matteo_thesis/karto_slam/thesis_ws/devel/share/graph_d_exploration/msg/MergePointsGoal.msg
Symlinking /home/usr/data/matteo_thesis/karto_slam/thesis_ws/devel/share/graph_d_exploration/msg/ChooseGoalActionResult.msg
Symlinking /home/usr/data/matteo_thesis/karto_slam/thesis_ws/devel/share/graph_d_exploration/msg/MergePointsResult.msg
Symlinking /home/usr/data/matteo_thesis/karto_slam/thesis_ws/devel/share/graph_d_exploration/msg/ChooseGoalActionGoal.msg
Symlinking /home/usr/data/matteo_thesis/karto_slam/thesis_ws/devel/share/graph_d_exploration/docs/informationGainConfig.dox
Symlinking /home/usr/data/matteo_thesis/karto_slam/thesis_ws/devel/share/graph_d_exploration/docs/informationGainConfig.wikidoc
Symlinking /home/usr/data/matteo_thesis/karto_slam/thesis_ws/devel/share/graph_d_exploration/docs/informationGainConfig-usage.dox
Symlinking /home/usr/data/matteo_thesis/karto_slam/thesis_ws/devel/share/roseus/ros/graph_d_exploration/manifest.l
Symlinking /home/usr/data/matteo_thesis/karto_slam/thesis_ws/devel/share/roseus/ros/graph_d_exploration/msg/PointArray.l
Symlinking /home/usr/data/matteo_thesis/karto_slam/thesis_ws/devel/share/roseus/ros/graph_d_exploration/msg/ChooseGoalResult.l
Symlinking /home/usr/data/matteo_thesis/karto_slam/thesis_ws/devel/share/roseus/ros/graph_d_exploration/msg/ChooseGoalGoal.l
Symlinking /home/usr/data/matteo_thesis/karto_slam/thesis_ws/devel/share/roseus/ros/graph_d_exploration/msg/ChooseGoalFeedback.l
Symlinking /home/usr/data/matteo_thesis/karto_slam/thesis_ws/devel/share/roseus/ros/graph_d_exploration/msg/MergePointsGoal.l
Symlinking /home/usr/data/matteo_thesis/karto_slam/thesis_ws/devel/share/roseus/ros/graph_d_exploration/msg/Point2D.l
Symlinking /home/usr/data/matteo_thesis/karto_slam/thesis_ws/devel/share/roseus/ros/graph_d_exploration/msg/ChooseGoalActionGoal.l
Symlinking /home/usr/data/matteo_thesis/karto_slam/thesis_ws/devel/share/roseus/ros/graph_d_exploration/msg/MergePointsActionGoal.l
Symlinking /home/usr/data/matteo_thesis/karto_slam/thesis_ws/devel/share/roseus/ros/graph_d_exploration/msg/InfoMatrix.l
Symlinking /home/usr/data/matteo_thesis/karto_slam/thesis_ws/devel/share/roseus/ros/graph_d_exploration/msg/MergePointsFeedback.l
Symlinking /home/usr/data/matteo_thesis/karto_slam/thesis_ws/devel/share/roseus/ros/graph_d_exploration/msg/ChooseGoalActionFeedback.l
Symlinking /home/usr/data/matteo_thesis/karto_slam/thesis_ws/devel/share/roseus/ros/graph_d_exploration/msg/MergePointsAction.l
Symlinking /home/usr/data/matteo_thesis/karto_slam/thesis_ws/devel/share/roseus/ros/graph_d_exploration/msg/ChooseGoalActionResult.l
Symlinking /home/usr/data/matteo_thesis/karto_slam/thesis_ws/devel/share/roseus/ros/graph_d_exploration/msg/MergePointsActionResult.l
Symlinking /home/usr/data/matteo_thesis/karto_slam/thesis_ws/devel/share/roseus/ros/graph_d_exploration/msg/ChooseGoalAction.l
Symlinking /home/usr/data/matteo_thesis/karto_slam/thesis_ws/devel/share/roseus/ros/graph_d_exploration/msg/MergePointsResult.l
Symlinking /home/usr/data/matteo_thesis/karto_slam/thesis_ws/devel/share/roseus/ros/graph_d_exploration/msg/MergePointsActionFeedback.l
Symlinking /home/usr/data/matteo_thesis/karto_slam/thesis_ws/devel/share/common-lisp/ros/graph_d_exploration/msg/Point2D.lisp
Symlinking /home/usr/data/matteo_thesis/karto_slam/thesis_ws/devel/share/common-lisp/ros/graph_d_exploration/msg/ChooseGoalAction.lisp
Symlinking /home/usr/data/matteo_thesis/karto_slam/thesis_ws/devel/share/common-lisp/ros/graph_d_exploration/msg/_package_ChooseGoalFeedback.lisp
Symlinking /home/usr/data/matteo_thesis/karto_slam/thesis_ws/devel/share/common-lisp/ros/graph_d_exploration/msg/_package_InfoMatrix.lisp
Symlinking /home/usr/data/matteo_thesis/karto_slam/thesis_ws/devel/share/common-lisp/ros/graph_d_exploration/msg/ChooseGoalActionGoal.lisp
Symlinking /home/usr/data/matteo_thesis/karto_slam/thesis_ws/devel/share/common-lisp/ros/graph_d_exploration/msg/InfoMatrix.lisp
Symlinking /home/usr/data/matteo_thesis/karto_slam/thesis_ws/devel/share/common-lisp/ros/graph_d_exploration/msg/MergePointsGoal.lisp
Symlinking /home/usr/data/matteo_thesis/karto_slam/thesis_ws/devel/share/common-lisp/ros/graph_d_exploration/msg/ChooseGoalResult.lisp
Symlinking /home/usr/data/matteo_thesis/karto_slam/thesis_ws/devel/share/common-lisp/ros/graph_d_exploration/msg/MergePointsActionResult.lisp
Symlinking /home/usr/data/matteo_thesis/karto_slam/thesis_ws/devel/share/common-lisp/ros/graph_d_exploration/msg/_package_ChooseGoalGoal.lisp
Symlinking /home/usr/data/matteo_thesis/karto_slam/thesis_ws/devel/share/common-lisp/ros/graph_d_exploration/msg/graph_d_exploration-msg.asd
Symlinking /home/usr/data/matteo_thesis/karto_slam/thesis_ws/devel/share/common-lisp/ros/graph_d_exploration/msg/_package_ChooseGoalActionResult.lisp
Symlinking /home/usr/data/matteo_thesis/karto_slam/thesis_ws/devel/share/common-lisp/ros/graph_d_exploration/msg/_package_MergePointsAction.lisp
Symlinking /home/usr/data/matteo_thesis/karto_slam/thesis_ws/devel/share/common-lisp/ros/graph_d_exploration/msg/_package_MergePointsResult.lisp
Symlinking /home/usr/data/matteo_thesis/karto_slam/thesis_ws/devel/share/common-lisp/ros/graph_d_exploration/msg/_package_Point2D.lisp
Symlinking /home/usr/data/matteo_thesis/karto_slam/thesis_ws/devel/share/common-lisp/ros/graph_d_exploration/msg/_package_PointArray.lisp
Symlinking /home/usr/data/matteo_thesis/karto_slam/thesis_ws/devel/share/common-lisp/ros/graph_d_exploration/msg/ChooseGoalActionResult.lisp
Symlinking /home/usr/data/matteo_thesis/karto_slam/thesis_ws/devel/share/common-lisp/ros/graph_d_exploration/msg/ChooseGoalFeedback.lisp
Symlinking /home/usr/data/matteo_thesis/karto_slam/thesis_ws/devel/share/common-lisp/ros/graph_d_exploration/msg/_package_ChooseGoalAction.lisp
Symlinking /home/usr/data/matteo_thesis/karto_slam/thesis_ws/devel/share/common-lisp/ros/graph_d_exploration/msg/MergePointsActionGoal.lisp
Symlinking /home/usr/data/matteo_thesis/karto_slam/thesis_ws/devel/share/common-lisp/ros/graph_d_exploration/msg/_package_MergePointsFeedback.lisp
Symlinking /home/usr/data/matteo_thesis/karto_slam/thesis_ws/devel/share/common-lisp/ros/graph_d_exploration/msg/_package_ChooseGoalResult.lisp
Symlinking /home/usr/data/matteo_thesis/karto_slam/thesis_ws/devel/share/common-lisp/ros/graph_d_exploration/msg/_package.lisp
Symlinking /home/usr/data/matteo_thesis/karto_slam/thesis_ws/devel/share/common-lisp/ros/graph_d_exploration/msg/PointArray.lisp
Symlinking /home/usr/data/matteo_thesis/karto_slam/thesis_ws/devel/share/common-lisp/ros/graph_d_exploration/msg/MergePointsFeedback.lisp
Symlinking /home/usr/data/matteo_thesis/karto_slam/thesis_ws/devel/share/common-lisp/ros/graph_d_exploration/msg/_package_MergePointsActionResult.lisp
Symlinking /home/usr/data/matteo_thesis/karto_slam/thesis_ws/devel/share/common-lisp/ros/graph_d_exploration/msg/_package_MergePointsActionGoal.lisp
Symlinking /home/usr/data/matteo_thesis/karto_slam/thesis_ws/devel/share/common-lisp/ros/graph_d_exploration/msg/MergePointsResult.lisp
Symlinking /home/usr/data/matteo_thesis/karto_slam/thesis_ws/devel/share/common-lisp/ros/graph_d_exploration/msg/ChooseGoalActionFeedback.lisp
Symlinking /home/usr/data/matteo_thesis/karto_slam/thesis_ws/devel/share/common-lisp/ros/graph_d_exploration/msg/_package_ChooseGoalActionGoal.lisp
Symlinking /home/usr/data/matteo_thesis/karto_slam/thesis_ws/devel/share/common-lisp/ros/graph_d_exploration/msg/MergePointsAction.lisp
Symlinking /home/usr/data/matteo_thesis/karto_slam/thesis_ws/devel/share/common-lisp/ros/graph_d_exploration/msg/ChooseGoalGoal.lisp
Symlinking /home/usr/data/matteo_thesis/karto_slam/thesis_ws/devel/share/common-lisp/ros/graph_d_exploration/msg/_package_ChooseGoalActionFeedback.lisp
Symlinking /home/usr/data/matteo_thesis/karto_slam/thesis_ws/devel/share/common-lisp/ros/graph_d_exploration/msg/_package_MergePointsActionFeedback.lisp
Symlinking /home/usr/data/matteo_thesis/karto_slam/thesis_ws/devel/share/common-lisp/ros/graph_d_exploration/msg/_package_MergePointsGoal.lisp
Symlinking /home/usr/data/matteo_thesis/karto_slam/thesis_ws/devel/share/common-lisp/ros/graph_d_exploration/msg/MergePointsActionFeedback.lisp
Symlinking /home/usr/data/matteo_thesis/karto_slam/thesis_ws/devel/share/gennodejs/ros/graph_d_exploration/_index.js
Symlinking /home/usr/data/matteo_thesis/karto_slam/thesis_ws/devel/share/gennodejs/ros/graph_d_exploration/msg/Point2D.js
Symlinking /home/usr/data/matteo_thesis/karto_slam/thesis_ws/devel/share/gennodejs/ros/graph_d_exploration/msg/MergePointsActionResult.js
Symlinking /home/usr/data/matteo_thesis/karto_slam/thesis_ws/devel/share/gennodejs/ros/graph_d_exploration/msg/MergePointsResult.js
Symlinking /home/usr/data/matteo_thesis/karto_slam/thesis_ws/devel/share/gennodejs/ros/graph_d_exploration/msg/InfoMatrix.js
Symlinking /home/usr/data/matteo_thesis/karto_slam/thesis_ws/devel/share/gennodejs/ros/graph_d_exploration/msg/ChooseGoalActionFeedback.js
Symlinking /home/usr/data/matteo_thesis/karto_slam/thesis_ws/devel/share/gennodejs/ros/graph_d_exploration/msg/_index.js
Symlinking /home/usr/data/matteo_thesis/karto_slam/thesis_ws/devel/share/gennodejs/ros/graph_d_exploration/msg/MergePointsFeedback.js
Symlinking /home/usr/data/matteo_thesis/karto_slam/thesis_ws/devel/share/gennodejs/ros/graph_d_exploration/msg/MergePointsActionFeedback.js
Symlinking /home/usr/data/matteo_thesis/karto_slam/thesis_ws/devel/share/gennodejs/ros/graph_d_exploration/msg/ChooseGoalActionGoal.js
Symlinking /home/usr/data/matteo_thesis/karto_slam/thesis_ws/devel/share/gennodejs/ros/graph_d_exploration/msg/MergePointsAction.js
Symlinking /home/usr/data/matteo_thesis/karto_slam/thesis_ws/devel/share/gennodejs/ros/graph_d_exploration/msg/MergePointsGoal.js
Symlinking /home/usr/data/matteo_thesis/karto_slam/thesis_ws/devel/share/gennodejs/ros/graph_d_exploration/msg/ChooseGoalAction.js
Symlinking /home/usr/data/matteo_thesis/karto_slam/thesis_ws/devel/share/gennodejs/ros/graph_d_exploration/msg/ChooseGoalGoal.js
Symlinking /home/usr/data/matteo_thesis/karto_slam/thesis_ws/devel/share/gennodejs/ros/graph_d_exploration/msg/PointArray.js
Symlinking /home/usr/data/matteo_thesis/karto_slam/thesis_ws/devel/share/gennodejs/ros/graph_d_exploration/msg/ChooseGoalActionResult.js
Symlinking /home/usr/data/matteo_thesis/karto_slam/thesis_ws/devel/share/gennodejs/ros/graph_d_exploration/msg/MergePointsActionGoal.js
Symlinking /home/usr/data/matteo_thesis/karto_slam/thesis_ws/devel/share/gennodejs/ros/graph_d_exploration/msg/ChooseGoalResult.js
Symlinking /home/usr/data/matteo_thesis/karto_slam/thesis_ws/devel/share/gennodejs/ros/graph_d_exploration/msg/ChooseGoalFeedback.js
Symlinking /home/usr/data/matteo_thesis/karto_slam/thesis_ws/devel/include/graph_d_exploration/ChooseGoalGoal.h
Symlinking /home/usr/data/matteo_thesis/karto_slam/thesis_ws/devel/include/graph_d_exploration/MergePointsAction.h
Symlinking /home/usr/data/matteo_thesis/karto_slam/thesis_ws/devel/include/graph_d_exploration/PointArray.h
Symlinking /home/usr/data/matteo_thesis/karto_slam/thesis_ws/devel/include/graph_d_exploration/ChooseGoalActionResult.h
Symlinking /home/usr/data/matteo_thesis/karto_slam/thesis_ws/devel/include/graph_d_exploration/InfoMatrix.h
Symlinking /home/usr/data/matteo_thesis/karto_slam/thesis_ws/devel/include/graph_d_exploration/informationGainConfig.h
Symlinking /home/usr/data/matteo_thesis/karto_slam/thesis_ws/devel/include/graph_d_exploration/ChooseGoalActionFeedback.h
Symlinking /home/usr/data/matteo_thesis/karto_slam/thesis_ws/devel/include/graph_d_exploration/ChooseGoalAction.h
Symlinking /home/usr/data/matteo_thesis/karto_slam/thesis_ws/devel/include/graph_d_exploration/ChooseGoalActionGoal.h
Symlinking /home/usr/data/matteo_thesis/karto_slam/thesis_ws/devel/include/graph_d_exploration/Point2D.h
Symlinking /home/usr/data/matteo_thesis/karto_slam/thesis_ws/devel/include/graph_d_exploration/ChooseGoalResult.h
Symlinking /home/usr/data/matteo_thesis/karto_slam/thesis_ws/devel/include/graph_d_exploration/MergePointsActionGoal.h
Symlinking /home/usr/data/matteo_thesis/karto_slam/thesis_ws/devel/include/graph_d_exploration/ChooseGoalFeedback.h
Symlinking /home/usr/data/matteo_thesis/karto_slam/thesis_ws/devel/include/graph_d_exploration/MergePointsResult.h
Symlinking /home/usr/data/matteo_thesis/karto_slam/thesis_ws/devel/include/graph_d_exploration/MergePointsActionFeedback.h
Symlinking /home/usr/data/matteo_thesis/karto_slam/thesis_ws/devel/include/graph_d_exploration/MergePointsFeedback.h
Symlinking /home/usr/data/matteo_thesis/karto_slam/thesis_ws/devel/include/graph_d_exploration/MergePointsGoal.h
Symlinking /home/usr/data/matteo_thesis/karto_slam/thesis_ws/devel/include/graph_d_exploration/MergePointsActionResult.h
Symlinking /home/usr/data/matteo_thesis/karto_slam/thesis_ws/devel/lib/pkgconfig/graph_d_exploration.pc
Symlinking /home/usr/data/matteo_thesis/karto_slam/thesis_ws/devel/lib/graph_d_exploration/d_opt_local_rrt_detector
Symlinking /home/usr/data/matteo_thesis/karto_slam/thesis_ws/devel/lib/graph_d_exploration/d_opt_global_rrt_detector
Symlinking /home/usr/data/matteo_thesis/karto_slam/thesis_ws/devel/lib/python3/dist-packages/graph_d_exploration/__init__.py
Symlinking /home/usr/data/matteo_thesis/karto_slam/thesis_ws/devel/lib/python3/dist-packages/graph_d_exploration/cfg/informationGainConfig.py
Symlinking /home/usr/data/matteo_thesis/karto_slam/thesis_ws/devel/lib/python3/dist-packages/graph_d_exploration/cfg/__init__.py
Symlinking /home/usr/data/matteo_thesis/karto_slam/thesis_ws/devel/lib/python3/dist-packages/graph_d_exploration/msg/_MergePointsActionGoal.py
Symlinking /home/usr/data/matteo_thesis/karto_slam/thesis_ws/devel/lib/python3/dist-packages/graph_d_exploration/msg/_MergePointsFeedback.py
Symlinking /home/usr/data/matteo_thesis/karto_slam/thesis_ws/devel/lib/python3/dist-packages/graph_d_exploration/msg/_ChooseGoalActionResult.py
Symlinking /home/usr/data/matteo_thesis/karto_slam/thesis_ws/devel/lib/python3/dist-packages/graph_d_exploration/msg/_ChooseGoalActionFeedback.py
Symlinking /home/usr/data/matteo_thesis/karto_slam/thesis_ws/devel/lib/python3/dist-packages/graph_d_exploration/msg/_MergePointsActionFeedback.py
Symlinking /home/usr/data/matteo_thesis/karto_slam/thesis_ws/devel/lib/python3/dist-packages/graph_d_exploration/msg/_ChooseGoalGoal.py
Symlinking /home/usr/data/matteo_thesis/karto_slam/thesis_ws/devel/lib/python3/dist-packages/graph_d_exploration/msg/_MergePointsResult.py
Symlinking /home/usr/data/matteo_thesis/karto_slam/thesis_ws/devel/lib/python3/dist-packages/graph_d_exploration/msg/_MergePointsActionResult.py
Symlinking /home/usr/data/matteo_thesis/karto_slam/thesis_ws/devel/lib/python3/dist-packages/graph_d_exploration/msg/_Point2D.py
Symlinking /home/usr/data/matteo_thesis/karto_slam/thesis_ws/devel/lib/python3/dist-packages/graph_d_exploration/msg/_MergePointsGoal.py
Symlinking /home/usr/data/matteo_thesis/karto_slam/thesis_ws/devel/lib/python3/dist-packages/graph_d_exploration/msg/_PointArray.py
Symlinking /home/usr/data/matteo_thesis/karto_slam/thesis_ws/devel/lib/python3/dist-packages/graph_d_exploration/msg/_ChooseGoalAction.py
Symlinking /home/usr/data/matteo_thesis/karto_slam/thesis_ws/devel/lib/python3/dist-packages/graph_d_exploration/msg/_InfoMatrix.py
Symlinking /home/usr/data/matteo_thesis/karto_slam/thesis_ws/devel/lib/python3/dist-packages/graph_d_exploration/msg/_ChooseGoalResult.py
Symlinking /home/usr/data/matteo_thesis/karto_slam/thesis_ws/devel/lib/python3/dist-packages/graph_d_exploration/msg/__init__.py
Symlinking /home/usr/data/matteo_thesis/karto_slam/thesis_ws/devel/lib/python3/dist-packages/graph_d_exploration/msg/_MergePointsAction.py
Symlinking /home/usr/data/matteo_thesis/karto_slam/thesis_ws/devel/lib/python3/dist-packages/graph_d_exploration/msg/_ChooseGoalFeedback.py
Symlinking /home/usr/data/matteo_thesis/karto_slam/thesis_ws/devel/lib/python3/dist-packages/graph_d_exploration/msg/_ChooseGoalActionGoal.py
